Missing 'ARCHT680' from Drexel Course Catalogue
Missing 'ARCHT680' from Drexel Course Catalogue
Missing 'ARCHT680' from Drexel Course Catalogue
Missing 'AAML560' from Drexel Course Catalogue
Missing 'AAML680' from Drexel Course Catalogue
Missing 'AADM785' from Drexel Course Catalogue
Missing 'AADM785' from Drexel Course Catalogue
Missing 'AADM798' from Drexel Course Catalogue
Missing 'AADM799' from Drexel Course Catalogue
Missing 'DSRE645' from Drexel Course Catalogue
Missing 'DSRE650' from Drexel Course Catalogue
Missing 'DSRET680' from Drexel Course Catalogue
Missing 'DSRE770' from Drexel Course Catalogue
Missing 'DIGM508' from Drexel Course Catalogue
Missing 'DIGM510' from Drexel Course Catalogue
Missing 'DIGM510' from Drexel Course Catalogue
Missing 'DIGM530' from Drexel Course Catalogue
Missing 'DIGM530' from Drexel Course Catalogue
Missing 'DIGM540' from Drexel Course Catalogue
Missing 'DIGMT580' from Drexel Course Catalogue
Missing 'DIGMT580' from Drexel Course Catalogue
Missing 'DIGM680' from Drexel Course Catalogue
Missing 'DIGMT680' from Drexel Course Catalogue
Missing 'DIGM680' from Drexel Course Catalogue
Missing 'DIGM680' from Drexel Course Catalogue
Missing 'DIGM681' from Drexel Course Catalogue
Missing 'DIGM681' from Drexel Course Catalogue
Missing 'DIGM998' from Drexel Course Catalogue
Missing 'DIGM999' from Drexel Course Catalogue
Missing 'FASH509' from Drexel Course Catalogue
Missing 'FASH515' from Drexel Course Catalogue
Missing 'FASH518' from Drexel Course Catalogue
Missing 'FASH528' from Drexel Course Catalogue
Missing 'FASH543' from Drexel Course Catalogue
Missing 'FASH553' from Drexel Course Catalogue
Missing 'FASHT580' from Drexel Course Catalogue
Missing 'FASHT580' from Drexel Course Catalogue
Missing 'FASHT580' from Drexel Course Catalogue
Missing 'FASH651' from Drexel Course Catalogue
Missing 'FASH686' from Drexel Course Catalogue
Missing 'FASH699' from Drexel Course Catalogue
Missing 'GMAP545' from Drexel Course Catalogue
Missing 'INTR622' from Drexel Course Catalogue
Missing 'INTR622' from Drexel Course Catalogue
Missing 'INTR623' from Drexel Course Catalogue
Missing 'INTR625' from Drexel Course Catalogue
Missing 'INTR641' from Drexel Course Catalogue
Missing 'INTR641' from Drexel Course Catalogue
Missing 'INTR652' from Drexel Course Catalogue
Missing 'INTR653' from Drexel Course Catalogue
Missing 'INTR654' from Drexel Course Catalogue
Missing 'INTRT680' from Drexel Course Catalogue
Missing 'INTRT680' from Drexel Course Catalogue
Missing 'INTRT680' from Drexel Course Catalogue
Missing 'INTRT680' from Drexel Course Catalogue
Missing 'INTR698' from Drexel Course Catalogue
Missing 'INTR698' from Drexel Course Catalogue
Missing 'INTR698' from Drexel Course Catalogue
Missing 'INTR698' from Drexel Course Catalogue
Missing 'INTR698' from Drexel Course Catalogue
Missing 'INTR698' from Drexel Course Catalogue
Missing 'INTR698' from Drexel Course Catalogue
Missing 'INTR698' from Drexel Course Catalogue
Missing 'INTR698' from Drexel Course Catalogue
Missing 'INTR698' from Drexel Course Catalogue
Missing 'INTR698' from Drexel Course Catalogue
Missing 'INTR698' from Drexel Course Catalogue
Missing 'INTR698' from Drexel Course Catalogue
Missing 'INTR698' from Drexel Course Catalogue
Missing 'INTR698' from Drexel Course Catalogue
Missing 'INTR698' from Drexel Course Catalogue
Missing 'INTR698' from Drexel Course Catalogue
Missing 'INTR698' from Drexel Course Catalogue
Missing 'INTR698' from Drexel Course Catalogue
Missing 'MUSLT580' from Drexel Course Catalogue
Missing 'MUSL630' from Drexel Course Catalogue
Missing 'MUSL650' from Drexel Course Catalogue
Missing 'MUSLT680' from Drexel Course Catalogue
Missing 'MUSL750' from Drexel Course Catalogue
Missing 'RMER540' from Drexel Course Catalogue
Missing 'RMER550' from Drexel Course Catalogue
Missing 'RMER697' from Drexel Course Catalogue
Missing 'RMER698' from Drexel Course Catalogue
Missing 'TVMN625' from Drexel Course Catalogue
Missing 'TVMN625' from Drexel Course Catalogue
Missing 'TVMN640' from Drexel Course Catalogue
Missing 'TVMN700' from Drexel Course Catalogue
Missing 'TVMN700' from Drexel Course Catalogue
Missing 'TVMN780' from Drexel Course Catalogue
Missing 'TVMN796' from Drexel Course Catalogue
Missing 'TVMN796' from Drexel Course Catalogue
Missing 'TVMN796' from Drexel Course Catalogue
Missing 'URBS640' from Drexel Course Catalogue
Missing 'URBS685' from Drexel Course Catalogue
Missing 'URBS690' from Drexel Course Catalogue
Missing 'URBS690' from Drexel Course Catalogue
Missing 'URBS690' from Drexel Course Catalogue
Missing 'URBS690' from Drexel Course Catalogue
Missing 'URBS690' from Drexel Course Catalogue
Missing 'VSST509' from Drexel Course Catalogue
Missing 'BIO630' from Drexel Course Catalogue
Missing 'BIO632' from Drexel Course Catalogue
Missing 'BIO644' from Drexel Course Catalogue
Missing 'BIO661' from Drexel Course Catalogue
Missing 'BIO663' from Drexel Course Catalogue
Missing 'BIO864' from Drexel Course Catalogue
Missing 'BIO997' from Drexel Course Catalogue
Missing 'BIO997' from Drexel Course Catalogue
Missing 'BIO997' from Drexel Course Catalogue
Missing 'BIO997' from Drexel Course Catalogue
Missing 'BIO997' from Drexel Course Catalogue
Missing 'BIO997' from Drexel Course Catalogue
Missing 'BIO997' from Drexel Course Catalogue
Missing 'BIO997' from Drexel Course Catalogue
Missing 'BIO997' from Drexel Course Catalogue
Missing 'BIO997' from Drexel Course Catalogue
Missing 'BIO997' from Drexel Course Catalogue
Missing 'BIO997' from Drexel Course Catalogue
Missing 'BIO997' from Drexel Course Catalogue
Missing 'BIO997' from Drexel Course Catalogue
Missing 'CHEM541' from Drexel Course Catalogue
Missing 'CHEMT680' from Drexel Course Catalogue
Missing 'CHEM755' from Drexel Course Catalogue
Missing 'CHEM865' from Drexel Course Catalogue
Missing 'CHEM898' from Drexel Course Catalogue
Missing 'CHEM997' from Drexel Course Catalogue
Missing 'CHEM997' from Drexel Course Catalogue
Missing 'CHEM997' from Drexel Course Catalogue
Missing 'CHEM997' from Drexel Course Catalogue
Missing 'CHEM997' from Drexel Course Catalogue
Missing 'CHEM997' from Drexel Course Catalogue
Missing 'CHEM997' from Drexel Course Catalogue
Missing 'CHEM997' from Drexel Course Catalogue
Missing 'CHEM997' from Drexel Course Catalogue
Missing 'CHEM997' from Drexel Course Catalogue
Missing 'CHEM998' from Drexel Course Catalogue
Missing 'CHEM998' from Drexel Course Catalogue
Missing 'COM538' from Drexel Course Catalogue
Missing 'COM543' from Drexel Course Catalogue
Missing 'COM576' from Drexel Course Catalogue
Missing 'COM610' from Drexel Course Catalogue
Missing 'COM615' from Drexel Course Catalogue
Missing 'CCM702' from Drexel Course Catalogue
Missing 'CCM740' from Drexel Course Catalogue
Missing 'CCM801' from Drexel Course Catalogue
Missing 'CW500' from Drexel Course Catalogue
Missing 'CW500' from Drexel Course Catalogue
Missing 'CW602' from Drexel Course Catalogue
Missing 'CW602' from Drexel Course Catalogue
Missing 'ENVS506' from Drexel Course Catalogue
Missing 'ENVS530' from Drexel Course Catalogue
Missing 'ENVS583' from Drexel Course Catalogue
Missing 'ENVS797' from Drexel Course Catalogue
Missing 'ENVS797' from Drexel Course Catalogue
Missing 'ENVS797' from Drexel Course Catalogue
Missing 'ENVS797' from Drexel Course Catalogue
Missing 'ENVS797' from Drexel Course Catalogue
Missing 'ENVS797' from Drexel Course Catalogue
Missing 'ENVS797' from Drexel Course Catalogue
Missing 'ENVS797' from Drexel Course Catalogue
Missing 'ENVS797' from Drexel Course Catalogue
Missing 'ENVS864' from Drexel Course Catalogue
Missing 'GEO797' from Drexel Course Catalogue
Missing 'GEO797' from Drexel Course Catalogue
Missing 'MATH530' from Drexel Course Catalogue
Missing 'MATH538' from Drexel Course Catalogue
Missing 'MATH611' from Drexel Course Catalogue
Missing 'MATH630' from Drexel Course Catalogue
Missing 'MATH633' from Drexel Course Catalogue
Missing 'MATH660' from Drexel Course Catalogue
Missing 'MATHT880' from Drexel Course Catalogue
Missing 'MATH997' from Drexel Course Catalogue
Missing 'PHYS512' from Drexel Course Catalogue
Missing 'PHYS517' from Drexel Course Catalogue
Missing 'PHYS627' from Drexel Course Catalogue
Missing 'PHYS631' from Drexel Course Catalogue
Missing 'PHYS898' from Drexel Course Catalogue
Missing 'PHYS898' from Drexel Course Catalogue
Missing 'PHYS898' from Drexel Course Catalogue
Missing 'PHYS997' from Drexel Course Catalogue
Missing 'PHYS997' from Drexel Course Catalogue
Missing 'PHYS997' from Drexel Course Catalogue
Missing 'PHYS997' from Drexel Course Catalogue
Missing 'PHYS997' from Drexel Course Catalogue
Missing 'PHYS997' from Drexel Course Catalogue
Missing 'PHYS997' from Drexel Course Catalogue
Missing 'PHYS997' from Drexel Course Catalogue
Missing 'PHYS997' from Drexel Course Catalogue
Missing 'PHYS997' from Drexel Course Catalogue
Missing 'PHYS997' from Drexel Course Catalogue
Missing 'PHYS997' from Drexel Course Catalogue
Missing 'PHYS997' from Drexel Course Catalogue
Missing 'PHYS997' from Drexel Course Catalogue
Missing 'PHYS997' from Drexel Course Catalogue
Missing 'PHYS998' from Drexel Course Catalogue
Missing 'PHYS998' from Drexel Course Catalogue
Missing 'PHYS998' from Drexel Course Catalogue
Missing 'PHYS998' from Drexel Course Catalogue
Missing 'PHYS998' from Drexel Course Catalogue
Missing 'PHYS998' from Drexel Course Catalogue
Missing 'PHYS998' from Drexel Course Catalogue
Missing 'PHYS998' from Drexel Course Catalogue
Missing 'PHYS998' from Drexel Course Catalogue
Missing 'PHYS998' from Drexel Course Catalogue
Missing 'PHYS998' from Drexel Course Catalogue
Missing 'PHYS998' from Drexel Course Catalogue
Missing 'PHYS998' from Drexel Course Catalogue
Missing 'PHYS998' from Drexel Course Catalogue
Missing 'PHYS998' from Drexel Course Catalogue
Missing 'PSY510' from Drexel Course Catalogue
Missing 'PSY511' from Drexel Course Catalogue
Missing 'PSY550' from Drexel Course Catalogue
Missing 'PSYT580' from Drexel Course Catalogue
Missing 'PSY600' from Drexel Course Catalogue
Missing 'PSY630' from Drexel Course Catalogue
Missing 'PSY648' from Drexel Course Catalogue
Missing 'PSYT680' from Drexel Course Catalogue
Missing 'PSY711' from Drexel Course Catalogue
Missing 'PSYT780' from Drexel Course Catalogue
Missing 'PSY820' from Drexel Course Catalogue
Missing 'PSY822' from Drexel Course Catalogue
Missing 'PSY898' from Drexel Course Catalogue
Missing 'PSY898' from Drexel Course Catalogue
Missing 'PSY998' from Drexel Course Catalogue
Missing 'PSY999' from Drexel Course Catalogue
Missing 'PLCY507' from Drexel Course Catalogue
Missing 'PLCY510' from Drexel Course Catalogue
Missing 'PLCY517' from Drexel Course Catalogue
Missing 'UNIVH201' from Drexel Course Catalogue
Missing 'UNIVS201' from Drexel Course Catalogue
Missing 'UNIVH201' from Drexel Course Catalogue
Missing 'UNIVH201' from Drexel Course Catalogue
Missing 'UNIVH201' from Drexel Course Catalogue
Missing 'ACCT510' from Drexel Course Catalogue
Missing 'ACCT601' from Drexel Course Catalogue
Missing 'ACCT608' from Drexel Course Catalogue
Missing 'ACCT921' from Drexel Course Catalogue
Missing 'ACCT998' from Drexel Course Catalogue
Missing 'BSAN601' from Drexel Course Catalogue
Missing 'BSAN601' from Drexel Course Catalogue
Missing 'STAT510' from Drexel Course Catalogue
Missing 'STAT645' from Drexel Course Catalogue
Missing 'STAT645' from Drexel Course Catalogue
Missing 'STAT645' from Drexel Course Catalogue
Missing 'STAT925' from Drexel Course Catalogue
Missing 'ECON560' from Drexel Course Catalogue
Missing 'ECON601' from Drexel Course Catalogue
Missing 'ECON601' from Drexel Course Catalogue
Missing 'ECON616' from Drexel Course Catalogue
Missing 'ECON621' from Drexel Course Catalogue
Missing 'ECON911' from Drexel Course Catalogue
Missing 'ECON921' from Drexel Course Catalogue
Missing 'ECON942' from Drexel Course Catalogue
Missing 'ECON969' from Drexel Course Catalogue
Missing 'ECON979' from Drexel Course Catalogue
Missing 'ECON998' from Drexel Course Catalogue
Missing 'FIN622' from Drexel Course Catalogue
Missing 'FIN626' from Drexel Course Catalogue
Missing 'FIN635' from Drexel Course Catalogue
Missing 'FIN910' from Drexel Course Catalogue
Missing 'FIN998' from Drexel Course Catalogue
Missing 'BUSN997' from Drexel Course Catalogue
Missing 'INDST680' from Drexel Course Catalogue
Missing 'INDST680' from Drexel Course Catalogue
Missing 'INDST680' from Drexel Course Catalogue
Missing 'BLAWT580' from Drexel Course Catalogue
Missing 'BLAW620' from Drexel Course Catalogue
Missing 'MGMT520' from Drexel Course Catalogue
Missing 'MGMT520' from Drexel Course Catalogue
Missing 'MGMT602' from Drexel Course Catalogue
Missing 'MGMT603' from Drexel Course Catalogue
Missing 'MGMT604' from Drexel Course Catalogue
Missing 'MGMT676' from Drexel Course Catalogue
Missing 'MGMT770' from Drexel Course Catalogue
Missing 'MGMT908' from Drexel Course Catalogue
Missing 'MGMTT980' from Drexel Course Catalogue
Missing 'MGMT998' from Drexel Course Catalogue
Missing 'MIS632' from Drexel Course Catalogue
Missing 'MIS632' from Drexel Course Catalogue
Missing 'MIS632' from Drexel Course Catalogue
Missing 'MIST680' from Drexel Course Catalogue
Missing 'MKTG510' from Drexel Course Catalogue
Missing 'MKTG606' from Drexel Course Catalogue
Missing 'MKTGT680' from Drexel Course Catalogue
Missing 'MKTG998' from Drexel Course Catalogue
Missing 'OPR998' from Drexel Course Catalogue
Missing 'ORGB511' from Drexel Course Catalogue
Missing 'ORGB520' from Drexel Course Catalogue
Missing 'POM510' from Drexel Course Catalogue
Missing 'POM510' from Drexel Course Catalogue
Missing 'PROJ501' from Drexel Course Catalogue
Missing 'PROJ520' from Drexel Course Catalogue
Missing 'SMT602' from Drexel Course Catalogue
Missing 'SMT606' from Drexel Course Catalogue
Missing 'SMT612' from Drexel Course Catalogue
Missing 'SMT630' from Drexel Course Catalogue
Missing 'UNIVB101' from Drexel Course Catalogue
Missing 'UNIVB201' from Drexel Course Catalogue
Missing 'UNIVB201' from Drexel Course Catalogue
Missing 'UNIVB201' from Drexel Course Catalogue
Missing 'UNIVB201' from Drexel Course Catalogue
Missing 'UNIVB201' from Drexel Course Catalogue
Missing 'UNIVB201' from Drexel Course Catalogue
Missing 'UNIVB201' from Drexel Course Catalogue
Missing 'UNIVB201' from Drexel Course Catalogue
Missing 'UNIVB201' from Drexel Course Catalogue
Missing 'UNIVB201' from Drexel Course Catalogue
Missing 'ENTP540' from Drexel Course Catalogue
Missing 'ENTP601' from Drexel Course Catalogue
Missing 'ENTP671' from Drexel Course Catalogue
Missing 'ENTP690' from Drexel Course Catalogue
Missing 'CS501' from Drexel Course Catalogue
Missing 'CS502' from Drexel Course Catalogue
Missing 'CS503' from Drexel Course Catalogue
Missing 'CS503' from Drexel Course Catalogue
Missing 'CS504' from Drexel Course Catalogue
Missing 'CS504' from Drexel Course Catalogue
Missing 'CS510' from Drexel Course Catalogue
Missing 'CS510' from Drexel Course Catalogue
Missing 'CS544' from Drexel Course Catalogue
Missing 'CS544' from Drexel Course Catalogue
Missing 'CS550' from Drexel Course Catalogue
Missing 'CS550' from Drexel Course Catalogue
Missing 'CS570' from Drexel Course Catalogue
Missing 'CS570' from Drexel Course Catalogue
Missing 'CS583' from Drexel Course Catalogue
Missing 'CS583' from Drexel Course Catalogue
Missing 'CS613' from Drexel Course Catalogue
Missing 'CS613' from Drexel Course Catalogue
Missing 'CS614' from Drexel Course Catalogue
Missing 'CS614' from Drexel Course Catalogue
Missing 'CS618' from Drexel Course Catalogue
Missing 'CS618' from Drexel Course Catalogue
Missing 'CS629' from Drexel Course Catalogue
Missing 'CS645' from Drexel Course Catalogue
Missing 'CS645' from Drexel Course Catalogue
Missing 'CS647' from Drexel Course Catalogue
Missing 'CS647' from Drexel Course Catalogue
Missing 'CST680' from Drexel Course Catalogue
Missing 'CST680' from Drexel Course Catalogue
Missing 'CT500' from Drexel Course Catalogue
Missing 'CT500' from Drexel Course Catalogue
Missing 'CT610' from Drexel Course Catalogue
Missing 'CT620' from Drexel Course Catalogue
Missing 'CT630' from Drexel Course Catalogue
Missing 'DSCI511' from Drexel Course Catalogue
Missing 'DSCI511' from Drexel Course Catalogue
Missing 'DSCI591' from Drexel Course Catalogue
Missing 'DSCI591' from Drexel Course Catalogue
Missing 'DSCI631' from Drexel Course Catalogue
Missing 'DSCI631' from Drexel Course Catalogue
Missing 'DSCI691' from Drexel Course Catalogue
Missing 'DSCI691' from Drexel Course Catalogue
Missing 'INFO505' from Drexel Course Catalogue
Missing 'INFO506' from Drexel Course Catalogue
Missing 'INFO508' from Drexel Course Catalogue
Missing 'INFO517' from Drexel Course Catalogue
Missing 'INFO532' from Drexel Course Catalogue
Missing 'INFO532' from Drexel Course Catalogue
Missing 'INFO540' from Drexel Course Catalogue
Missing 'INFO590' from Drexel Course Catalogue
Missing 'INFO591' from Drexel Course Catalogue
Missing 'INFO591' from Drexel Course Catalogue
Missing 'INFO605' from Drexel Course Catalogue
Missing 'INFO607' from Drexel Course Catalogue
Missing 'INFO607' from Drexel Course Catalogue
Missing 'INFO608' from Drexel Course Catalogue
Missing 'INFO608' from Drexel Course Catalogue
Missing 'INFO615' from Drexel Course Catalogue
Missing 'INFO615' from Drexel Course Catalogue
Missing 'INFO620' from Drexel Course Catalogue
Missing 'INFO620' from Drexel Course Catalogue
Missing 'INFO633' from Drexel Course Catalogue
Missing 'INFO633' from Drexel Course Catalogue
Missing 'INFO646' from Drexel Course Catalogue
Missing 'INFO646' from Drexel Course Catalogue
Missing 'INFO648' from Drexel Course Catalogue
Missing 'INFO650' from Drexel Course Catalogue
Missing 'INFO659' from Drexel Course Catalogue
Missing 'INFO659' from Drexel Course Catalogue
Missing 'INFO660' from Drexel Course Catalogue
Missing 'INFO662' from Drexel Course Catalogue
Missing 'INFO662' from Drexel Course Catalogue
Missing 'INFO682' from Drexel Course Catalogue
Missing 'INFO691' from Drexel Course Catalogue
Missing 'INFO691' from Drexel Course Catalogue
Missing 'INFO692' from Drexel Course Catalogue
Missing 'INFO692' from Drexel Course Catalogue
Missing 'INFO821' from Drexel Course Catalogue
Missing 'INFO873' from Drexel Course Catalogue
Missing 'INFO890' from Drexel Course Catalogue
Missing 'INFO890' from Drexel Course Catalogue
Missing 'INFO890' from Drexel Course Catalogue
Missing 'INFO896' from Drexel Course Catalogue
Missing 'SE577' from Drexel Course Catalogue
Missing 'SE577' from Drexel Course Catalogue
Missing 'SE627' from Drexel Course Catalogue
Missing 'SE627' from Drexel Course Catalogue
Missing 'SE630' from Drexel Course Catalogue
Missing 'SE638' from Drexel Course Catalogue
Missing 'SE638' from Drexel Course Catalogue
Missing 'SE691' from Drexel Course Catalogue
Missing 'SE691' from Drexel Course Catalogue
Missing 'UNIVCI101' from Drexel Course Catalogue
Missing 'UNIVCI101' from Drexel Course Catalogue
Missing 'UNIVCI101' from Drexel Course Catalogue
Missing 'UNIVCI101' from Drexel Course Catalogue
Missing 'UNIVCI101' from Drexel Course Catalogue
Missing 'UNIVCI101' from Drexel Course Catalogue
Missing 'UNIVCI101' from Drexel Course Catalogue
Missing 'UNIVCI101' from Drexel Course Catalogue
Missing 'UNIVCI101' from Drexel Course Catalogue
Missing 'UNIVCI101' from Drexel Course Catalogue
Missing 'UNIVCI101' from Drexel Course Catalogue
Missing 'UNIVCI101' from Drexel Course Catalogue
Missing 'AE541' from Drexel Course Catalogue
Missing 'AE552' from Drexel Course Catalogue
Missing 'CHE543' from Drexel Course Catalogue
Missing 'CHE554' from Drexel Course Catalogue
Missing 'CHET580' from Drexel Course Catalogue
Missing 'CHE590' from Drexel Course Catalogue
Missing 'CHE897' from Drexel Course Catalogue
Missing 'CHE897' from Drexel Course Catalogue
Missing 'CHE897' from Drexel Course Catalogue
Missing 'CHE897' from Drexel Course Catalogue
Missing 'CHE897' from Drexel Course Catalogue
Missing 'CHE897' from Drexel Course Catalogue
Missing 'CHE998' from Drexel Course Catalogue
Missing 'CHE998' from Drexel Course Catalogue
Missing 'CHE998' from Drexel Course Catalogue
Missing 'CHE998' from Drexel Course Catalogue
Missing 'CHE998' from Drexel Course Catalogue
Missing 'CHE998' from Drexel Course Catalogue
Missing 'CHE998' from Drexel Course Catalogue
Missing 'CHE998' from Drexel Course Catalogue
Missing 'CHE998' from Drexel Course Catalogue
Missing 'CHE998' from Drexel Course Catalogue
Missing 'CHE998' from Drexel Course Catalogue
Missing 'CIVE540' from Drexel Course Catalogue
Missing 'CIVE564' from Drexel Course Catalogue
Missing 'CIVET580' from Drexel Course Catalogue
Missing 'CIVET580' from Drexel Course Catalogue
Missing 'CIVET580' from Drexel Course Catalogue
Missing 'CIVE636' from Drexel Course Catalogue
Missing 'CIVE640' from Drexel Course Catalogue
Missing 'CIVE703' from Drexel Course Catalogue
Missing 'CIVE708' from Drexel Course Catalogue
Missing 'CIVE839' from Drexel Course Catalogue
Missing 'CMGT501' from Drexel Course Catalogue
Missing 'CMGT512' from Drexel Course Catalogue
Missing 'CMGT525' from Drexel Course Catalogue
Missing 'CMGT530' from Drexel Course Catalogue
Missing 'CMGT558' from Drexel Course Catalogue
Missing 'CMGT696' from Drexel Course Catalogue
Missing 'ECEC575' from Drexel Course Catalogue
Missing 'ECEC575' from Drexel Course Catalogue
Missing 'ECECT580' from Drexel Course Catalogue
Missing 'ECEC621' from Drexel Course Catalogue
Missing 'ECEC622' from Drexel Course Catalogue
Missing 'ECEP503' from Drexel Course Catalogue
Missing 'ECEP503' from Drexel Course Catalogue
Missing 'ECEP673' from Drexel Course Catalogue
Missing 'ECES513' from Drexel Course Catalogue
Missing 'ECES513' from Drexel Course Catalogue
Missing 'ECES523' from Drexel Course Catalogue
Missing 'ECES561' from Drexel Course Catalogue
Missing 'ECE532' from Drexel Course Catalogue
Missing 'ECE612' from Drexel Course Catalogue
Missing 'ECE630' from Drexel Course Catalogue
Missing 'ECE686' from Drexel Course Catalogue
Missing 'ECE697' from Drexel Course Catalogue
Missing 'ECE697' from Drexel Course Catalogue
Missing 'ECE697' from Drexel Course Catalogue
Missing 'ECE898' from Drexel Course Catalogue
Missing 'ECE898' from Drexel Course Catalogue
Missing 'ECE898' from Drexel Course Catalogue
Missing 'ECE997' from Drexel Course Catalogue
Missing 'ECE997' from Drexel Course Catalogue
Missing 'ECE997' from Drexel Course Catalogue
Missing 'ECE997' from Drexel Course Catalogue
Missing 'ECE997' from Drexel Course Catalogue
Missing 'ECE997' from Drexel Course Catalogue
Missing 'ECE997' from Drexel Course Catalogue
Missing 'ECE997' from Drexel Course Catalogue
Missing 'ECE997' from Drexel Course Catalogue
Missing 'ECE997' from Drexel Course Catalogue
Missing 'ECE997' from Drexel Course Catalogue
Missing 'ECE997' from Drexel Course Catalogue
Missing 'ECE997' from Drexel Course Catalogue
Missing 'ECE997' from Drexel Course Catalogue
Missing 'ECE997' from Drexel Course Catalogue
Missing 'ECE997' from Drexel Course Catalogue
Missing 'ECE997' from Drexel Course Catalogue
Missing 'ECE997' from Drexel Course Catalogue
Missing 'ECE997' from Drexel Course Catalogue
Missing 'ECE997' from Drexel Course Catalogue
Missing 'ECE997' from Drexel Course Catalogue
Missing 'ECE997' from Drexel Course Catalogue
Missing 'ECE997' from Drexel Course Catalogue
Missing 'ECE998' from Drexel Course Catalogue
Missing 'ECE998' from Drexel Course Catalogue
Missing 'ECE998' from Drexel Course Catalogue
Missing 'ECE998' from Drexel Course Catalogue
Missing 'EGMT501' from Drexel Course Catalogue
Missing 'EGMT531' from Drexel Course Catalogue
Missing 'EGMT531' from Drexel Course Catalogue
Missing 'EGMT572' from Drexel Course Catalogue
Missing 'EGMT572' from Drexel Course Catalogue
Missing 'EGMT581' from Drexel Course Catalogue
Missing 'EGMT616' from Drexel Course Catalogue
Missing 'EGMT630' from Drexel Course Catalogue
Missing 'EGMT692' from Drexel Course Catalogue
Missing 'ENVE571' from Drexel Course Catalogue
Missing 'ENVE661' from Drexel Course Catalogue
Missing 'ENVE662' from Drexel Course Catalogue
Missing 'ENVE665' from Drexel Course Catalogue
Missing 'MATE507' from Drexel Course Catalogue
Missing 'MATE515' from Drexel Course Catalogue
Missing 'MATE516' from Drexel Course Catalogue
Missing 'MATE536' from Drexel Course Catalogue
Missing 'MATET580' from Drexel Course Catalogue
Missing 'MATE661' from Drexel Course Catalogue
Missing 'MATE897' from Drexel Course Catalogue
Missing 'MATE897' from Drexel Course Catalogue
Missing 'MATE897' from Drexel Course Catalogue
Missing 'MATE897' from Drexel Course Catalogue
Missing 'MATE897' from Drexel Course Catalogue
Missing 'MATE897' from Drexel Course Catalogue
Missing 'MATE897' from Drexel Course Catalogue
Missing 'MATE897' from Drexel Course Catalogue
Missing 'MATE897' from Drexel Course Catalogue
Missing 'MATE897' from Drexel Course Catalogue
Missing 'MATE897' from Drexel Course Catalogue
Missing 'MATE897' from Drexel Course Catalogue
Missing 'MATE898' from Drexel Course Catalogue
Missing 'MATE998' from Drexel Course Catalogue
Missing 'MATE998' from Drexel Course Catalogue
Missing 'MEM593' from Drexel Course Catalogue
Missing 'MEM613' from Drexel Course Catalogue
Missing 'MEM622' from Drexel Course Catalogue
Missing 'MEM636' from Drexel Course Catalogue
Missing 'MEM675' from Drexel Course Catalogue
Missing 'MEM681' from Drexel Course Catalogue
Missing 'MEM684' from Drexel Course Catalogue
Missing 'MEM687' from Drexel Course Catalogue
Missing 'MEM714' from Drexel Course Catalogue
Missing 'MEM777' from Drexel Course Catalogue
Missing 'MEM898' from Drexel Course Catalogue
Missing 'MEM898' from Drexel Course Catalogue
Missing 'MEM898' from Drexel Course Catalogue
Missing 'MEM898' from Drexel Course Catalogue
Missing 'MEM898' from Drexel Course Catalogue
Missing 'MEM998' from Drexel Course Catalogue
Missing 'MEM998' from Drexel Course Catalogue
Missing 'MEM998' from Drexel Course Catalogue
Missing 'MEM998' from Drexel Course Catalogue
Missing 'MEM998' from Drexel Course Catalogue
Missing 'MEM998' from Drexel Course Catalogue
Missing 'MEM998' from Drexel Course Catalogue
Missing 'MEM998' from Drexel Course Catalogue
Missing 'MEM998' from Drexel Course Catalogue
Missing 'MEM998' from Drexel Course Catalogue
Missing 'MEM998' from Drexel Course Catalogue
Missing 'MEM998' from Drexel Course Catalogue
Missing 'MEM998' from Drexel Course Catalogue
Missing 'MEM998' from Drexel Course Catalogue
Missing 'MEM998' from Drexel Course Catalogue
Missing 'PENG503' from Drexel Course Catalogue
Missing 'PENG560' from Drexel Course Catalogue
Missing 'REAL573' from Drexel Course Catalogue
Missing 'SYSE530' from Drexel Course Catalogue
Missing 'SYSE640' from Drexel Course Catalogue
Missing 'SYSE682' from Drexel Course Catalogue
Missing 'SYSE690' from Drexel Course Catalogue
Missing 'BST559' from Drexel Course Catalogue
Missing 'BST559' from Drexel Course Catalogue
Missing 'BST560' from Drexel Course Catalogue
Missing 'BST560' from Drexel Course Catalogue
Missing 'BST560' from Drexel Course Catalogue
Missing 'BST561' from Drexel Course Catalogue
Missing 'BST604' from Drexel Course Catalogue
Missing 'BST651' from Drexel Course Catalogue
Missing 'BST701' from Drexel Course Catalogue
Missing 'BST804' from Drexel Course Catalogue
Missing 'BST823' from Drexel Course Catalogue
Missing 'BST828' from Drexel Course Catalogue
Missing 'BST851' from Drexel Course Catalogue
Missing 'BST999' from Drexel Course Catalogue
Missing 'BST999' from Drexel Course Catalogue
Missing 'BST999' from Drexel Course Catalogue
Missing 'BST999' from Drexel Course Catalogue
Missing 'BST999' from Drexel Course Catalogue
Missing 'BST999' from Drexel Course Catalogue
Missing 'BST999' from Drexel Course Catalogue
Missing 'BST999' from Drexel Course Catalogue
Missing 'CHP503' from Drexel Course Catalogue
Missing 'CHP530' from Drexel Course Catalogue
Missing 'CHP560' from Drexel Course Catalogue
Missing 'CHPT580' from Drexel Course Catalogue
Missing 'CHPT580' from Drexel Course Catalogue
Missing 'CHPT580' from Drexel Course Catalogue
Missing 'CHP605' from Drexel Course Catalogue
Missing 'CHP605' from Drexel Course Catalogue
Missing 'CHP607' from Drexel Course Catalogue
Missing 'CHP660' from Drexel Course Catalogue
Missing 'CHP671' from Drexel Course Catalogue
Missing 'CHP671' from Drexel Course Catalogue
Missing 'CHP672' from Drexel Course Catalogue
Missing 'CHP672' from Drexel Course Catalogue
Missing 'CHP683' from Drexel Course Catalogue
Missing 'CHP683' from Drexel Course Catalogue
Missing 'CHP685' from Drexel Course Catalogue
Missing 'CHP685' from Drexel Course Catalogue
Missing 'CHP751' from Drexel Course Catalogue
Missing 'CHP751' from Drexel Course Catalogue
Missing 'CHP751' from Drexel Course Catalogue
Missing 'CHP751' from Drexel Course Catalogue
Missing 'CHP751' from Drexel Course Catalogue
Missing 'CHP751' from Drexel Course Catalogue
Missing 'CHP751' from Drexel Course Catalogue
Missing 'CHP752' from Drexel Course Catalogue
Missing 'CHP753' from Drexel Course Catalogue
Missing 'CHP805' from Drexel Course Catalogue
Missing 'CHP806' from Drexel Course Catalogue
Missing 'CHP813' from Drexel Course Catalogue
Missing 'CHP904' from Drexel Course Catalogue
Missing 'CHP998' from Drexel Course Catalogue
Missing 'CHP999' from Drexel Course Catalogue
Missing 'CHP999' from Drexel Course Catalogue
Missing 'CHP999' from Drexel Course Catalogue
Missing 'CHP999' from Drexel Course Catalogue
Missing 'CHP999' from Drexel Course Catalogue
Missing 'CHP999' from Drexel Course Catalogue
Missing 'CHP999' from Drexel Course Catalogue
Missing 'CHP999' from Drexel Course Catalogue
Missing 'CHP999' from Drexel Course Catalogue
Missing 'CHP999' from Drexel Course Catalogue
Missing 'CHP999' from Drexel Course Catalogue
Missing 'EOHT580' from Drexel Course Catalogue
Missing 'EOH605' from Drexel Course Catalogue
Missing 'EOH612' from Drexel Course Catalogue
Missing 'EOH615' from Drexel Course Catalogue
Missing 'EOH642' from Drexel Course Catalogue
Missing 'EOH642' from Drexel Course Catalogue
Missing 'EOH751' from Drexel Course Catalogue
Missing 'EOH751' from Drexel Course Catalogue
Missing 'EOH805' from Drexel Course Catalogue
Missing 'EOH812' from Drexel Course Catalogue
Missing 'EOH815' from Drexel Course Catalogue
Missing 'EOH997' from Drexel Course Catalogue
Missing 'EOH997' from Drexel Course Catalogue
Missing 'EOH997' from Drexel Course Catalogue
Missing 'EOH997' from Drexel Course Catalogue
Missing 'EPI553' from Drexel Course Catalogue
Missing 'EPI553' from Drexel Course Catalogue
Missing 'EPI560' from Drexel Course Catalogue
Missing 'EPI560' from Drexel Course Catalogue
Missing 'EPI560' from Drexel Course Catalogue
Missing 'EPI563' from Drexel Course Catalogue
Missing 'EPI563' from Drexel Course Catalogue
Missing 'EPI569' from Drexel Course Catalogue
Missing 'EPI569' from Drexel Course Catalogue
Missing 'EPI570' from Drexel Course Catalogue
Missing 'EPI572' from Drexel Course Catalogue
Missing 'EPI572' from Drexel Course Catalogue
Missing 'EPI751' from Drexel Course Catalogue
Missing 'EPI751' from Drexel Course Catalogue
Missing 'EPI751' from Drexel Course Catalogue
Missing 'EPI751' from Drexel Course Catalogue
Missing 'EPI751' from Drexel Course Catalogue
Missing 'EPI751' from Drexel Course Catalogue
Missing 'EPI751' from Drexel Course Catalogue
Missing 'EPI751' from Drexel Course Catalogue
Missing 'EPI751' from Drexel Course Catalogue
Missing 'EPI751' from Drexel Course Catalogue
Missing 'EPI751' from Drexel Course Catalogue
Missing 'EPI751' from Drexel Course Catalogue
Missing 'EPI801' from Drexel Course Catalogue
Missing 'EPI999' from Drexel Course Catalogue
Missing 'EPI999' from Drexel Course Catalogue
Missing 'EPI999' from Drexel Course Catalogue
Missing 'EPI999' from Drexel Course Catalogue
Missing 'EPI999' from Drexel Course Catalogue
Missing 'EPI999' from Drexel Course Catalogue
Missing 'EPI999' from Drexel Course Catalogue
Missing 'EPI999' from Drexel Course Catalogue
Missing 'EPI999' from Drexel Course Catalogue
Missing 'EPI999' from Drexel Course Catalogue
Missing 'EPI999' from Drexel Course Catalogue
Missing 'HMP505' from Drexel Course Catalogue
Missing 'HMP514' from Drexel Course Catalogue
Missing 'HMP516' from Drexel Course Catalogue
Missing 'HMP551' from Drexel Course Catalogue
Missing 'HMP551' from Drexel Course Catalogue
Missing 'HMP555' from Drexel Course Catalogue
Missing 'HMP555' from Drexel Course Catalogue
Missing 'HMP557' from Drexel Course Catalogue
Missing 'HMP557' from Drexel Course Catalogue
Missing 'HMPT580' from Drexel Course Catalogue
Missing 'HMPT580' from Drexel Course Catalogue
Missing 'HMP600' from Drexel Course Catalogue
Missing 'HMP660' from Drexel Course Catalogue
Missing 'HMP660' from Drexel Course Catalogue
Missing 'HMP667' from Drexel Course Catalogue
Missing 'HMPT780' from Drexel Course Catalogue
Missing 'HMPT780' from Drexel Course Catalogue
Missing 'HMPT780' from Drexel Course Catalogue
Missing 'HMPT780' from Drexel Course Catalogue
Missing 'HMPT780' from Drexel Course Catalogue
Missing 'HMPT780' from Drexel Course Catalogue
Missing 'HMPT780' from Drexel Course Catalogue
Missing 'HMPT780' from Drexel Course Catalogue
Missing 'HMP808' from Drexel Course Catalogue
Missing 'HMP814' from Drexel Course Catalogue
Missing 'HMP824' from Drexel Course Catalogue
Missing 'HMP850' from Drexel Course Catalogue
Missing 'HMP853' from Drexel Course Catalogue
Missing 'HMP997' from Drexel Course Catalogue
Missing 'HMP997' from Drexel Course Catalogue
Missing 'HMP997' from Drexel Course Catalogue
Missing 'HMP998' from Drexel Course Catalogue
Missing 'HMP998' from Drexel Course Catalogue
Missing 'HMP999' from Drexel Course Catalogue
Missing 'HMP999' from Drexel Course Catalogue
Missing 'PBHL500' from Drexel Course Catalogue
Missing 'PBHL500' from Drexel Course Catalogue
Missing 'PBHL500' from Drexel Course Catalogue
Missing 'PBHL500' from Drexel Course Catalogue
Missing 'PBHL500' from Drexel Course Catalogue
Missing 'NPM550' from Drexel Course Catalogue
Missing 'NPM680' from Drexel Course Catalogue
Missing 'NPM700' from Drexel Course Catalogue
Missing 'GES201' from Drexel Course Catalogue
Missing 'GES401' from Drexel Course Catalogue
Missing 'ABRD301' from Drexel Course Catalogue
Missing 'ABRD302' from Drexel Course Catalogue
Missing 'ABRD303' from Drexel Course Catalogue
Missing 'ABRD304' from Drexel Course Catalogue
Missing 'ABRD501' from Drexel Course Catalogue
Missing 'ABRD502' from Drexel Course Catalogue
Missing 'ABRD503' from Drexel Course Catalogue
Missing 'NUPR520' from Drexel Course Catalogue
Missing 'NUPR530' from Drexel Course Catalogue
Missing 'NUPR600' from Drexel Course Catalogue
Missing 'NUPR619' from Drexel Course Catalogue
Missing 'NUPR619' from Drexel Course Catalogue
Missing 'NUPR664' from Drexel Course Catalogue
Missing 'NUPR706' from Drexel Course Catalogue
Missing 'NUPR707' from Drexel Course Catalogue
Missing 'NUPR716' from Drexel Course Catalogue
Missing 'BACS543' from Drexel Course Catalogue
Missing 'BACS568' from Drexel Course Catalogue
Missing 'BACS570' from Drexel Course Catalogue
Missing 'CIH507' from Drexel Course Catalogue
Missing 'CIT511' from Drexel Course Catalogue
Missing 'CIT513' from Drexel Course Catalogue
Missing 'CIT602' from Drexel Course Catalogue
Missing 'CIT623' from Drexel Course Catalogue
Missing 'CIT657' from Drexel Course Catalogue
Missing 'CIT697' from Drexel Course Catalogue
Missing 'CIT698' from Drexel Course Catalogue
Missing 'CFTX532' from Drexel Course Catalogue
Missing 'CFTX532' from Drexel Course Catalogue
Missing 'CFTX532' from Drexel Course Catalogue
Missing 'CFTX532' from Drexel Course Catalogue
Missing 'CFTX532' from Drexel Course Catalogue
Missing 'CFTX532' from Drexel Course Catalogue
Missing 'CFTX532' from Drexel Course Catalogue
Missing 'CFTX532' from Drexel Course Catalogue
Missing 'CFTX532' from Drexel Course Catalogue
Missing 'CFTP502' from Drexel Course Catalogue
Missing 'CFTP514' from Drexel Course Catalogue
Missing 'CFTP521' from Drexel Course Catalogue
Missing 'CFTP528' from Drexel Course Catalogue
Missing 'CFTP528' from Drexel Course Catalogue
Missing 'CFTP532' from Drexel Course Catalogue
Missing 'CFTP532' from Drexel Course Catalogue
Missing 'CFTP534' from Drexel Course Catalogue
Missing 'CFTP534' from Drexel Course Catalogue
Missing 'CFTP535' from Drexel Course Catalogue
Missing 'CFTP535' from Drexel Course Catalogue
Missing 'CFTP535' from Drexel Course Catalogue
Missing 'CFTP535' from Drexel Course Catalogue
Missing 'CFTP535' from Drexel Course Catalogue
Missing 'CFTP535' from Drexel Course Catalogue
Missing 'CFTP535' from Drexel Course Catalogue
Missing 'CFTP535' from Drexel Course Catalogue
Missing 'CFTP535' from Drexel Course Catalogue
Missing 'CFTP535' from Drexel Course Catalogue
Missing 'CFTP536' from Drexel Course Catalogue
Missing 'CFTP536' from Drexel Course Catalogue
Missing 'CFTP543' from Drexel Course Catalogue
Missing 'CFTP563' from Drexel Course Catalogue
Missing 'CFTP563' from Drexel Course Catalogue
Missing 'CFTP563' from Drexel Course Catalogue
Missing 'CFTP564' from Drexel Course Catalogue
Missing 'CFTP571' from Drexel Course Catalogue
Missing 'CFTP574' from Drexel Course Catalogue
Missing 'CFTP575' from Drexel Course Catalogue
Missing 'CFTP602' from Drexel Course Catalogue
Missing 'CFTP724' from Drexel Course Catalogue
Missing 'CFTP725' from Drexel Course Catalogue
Missing 'CFTP772' from Drexel Course Catalogue
Missing 'CFTPT780' from Drexel Course Catalogue
Missing 'CFTP800' from Drexel Course Catalogue
Missing 'CFTP800' from Drexel Course Catalogue
Missing 'CFTP800' from Drexel Course Catalogue
Missing 'CFTP800' from Drexel Course Catalogue
Missing 'CFTP800' from Drexel Course Catalogue
Missing 'CFTP801' from Drexel Course Catalogue
Missing 'CFTP801' from Drexel Course Catalogue
Missing 'CFTP801' from Drexel Course Catalogue
Missing 'CFTP801' from Drexel Course Catalogue
Missing 'CFTP802' from Drexel Course Catalogue
Missing 'CFTP803' from Drexel Course Catalogue
Missing 'CFTP803' from Drexel Course Catalogue
Missing 'CATX390' from Drexel Course Catalogue
Missing 'CATX532' from Drexel Course Catalogue
Missing 'CATX535' from Drexel Course Catalogue
Missing 'CATX539' from Drexel Course Catalogue
Missing 'CATX539' from Drexel Course Catalogue
Missing 'CATX539' from Drexel Course Catalogue
Missing 'CATX572' from Drexel Course Catalogue
Missing 'CATX573' from Drexel Course Catalogue
Missing 'CATX579' from Drexel Course Catalogue
Missing 'CATX622' from Drexel Course Catalogue
Missing 'CATX624' from Drexel Course Catalogue
Missing 'CATX626' from Drexel Course Catalogue
Missing 'CATX637' from Drexel Course Catalogue
Missing 'CATX639' from Drexel Course Catalogue
Missing 'CATX639' from Drexel Course Catalogue
Missing 'CATX645' from Drexel Course Catalogue
Missing 'CATX674' from Drexel Course Catalogue
Missing 'CATX678' from Drexel Course Catalogue
Missing 'CATX705' from Drexel Course Catalogue
Missing 'CATX715' from Drexel Course Catalogue
Missing 'CATX804' from Drexel Course Catalogue
Missing 'CATX805' from Drexel Course Catalogue
Missing 'CATX806' from Drexel Course Catalogue
Missing 'CATX807' from Drexel Course Catalogue
Missing 'CTCN503' from Drexel Course Catalogue
Missing 'CTCN522' from Drexel Course Catalogue
Missing 'CTCN530' from Drexel Course Catalogue
Missing 'CTCN531' from Drexel Course Catalogue
Missing 'CTCN531' from Drexel Course Catalogue
Missing 'CTCN532' from Drexel Course Catalogue
Missing 'CTCN532' from Drexel Course Catalogue
Missing 'CTCN553' from Drexel Course Catalogue
Missing 'CTCN560' from Drexel Course Catalogue
Missing 'CTCN564' from Drexel Course Catalogue
Missing 'CTCN604' from Drexel Course Catalogue
Missing 'CTCN610' from Drexel Course Catalogue
Missing 'CTCN630' from Drexel Course Catalogue
Missing 'CTCN631' from Drexel Course Catalogue
Missing 'CTCN631' from Drexel Course Catalogue
Missing 'CTCN632' from Drexel Course Catalogue
Missing 'CTCN659' from Drexel Course Catalogue
Missing 'DMBC120' from Drexel Course Catalogue
Missing 'DMBC200' from Drexel Course Catalogue
Missing 'DMBC322' from Drexel Course Catalogue
Missing 'DMBC323' from Drexel Course Catalogue
Missing 'DMBC326' from Drexel Course Catalogue
Missing 'DMBC327' from Drexel Course Catalogue
Missing 'FDSC506' from Drexel Course Catalogue
Missing 'FDSC561' from Drexel Course Catalogue
Missing 'HSAD501' from Drexel Course Catalogue
Missing 'HSAD505' from Drexel Course Catalogue
Missing 'HSAD515' from Drexel Course Catalogue
Missing 'HSAD540' from Drexel Course Catalogue
Missing 'HSAD550' from Drexel Course Catalogue
Missing 'IPS380' from Drexel Course Catalogue
Missing 'IPS502' from Drexel Course Catalogue
Missing 'IPS503' from Drexel Course Catalogue
Missing 'IPS506' from Drexel Course Catalogue
Missing 'IPS507' from Drexel Course Catalogue
Missing 'IPS531' from Drexel Course Catalogue
Missing 'IPS544' from Drexel Course Catalogue
Missing 'IPS564' from Drexel Course Catalogue
Missing 'IPS584' from Drexel Course Catalogue
Missing 'IPS591' from Drexel Course Catalogue
Missing 'IPS601' from Drexel Course Catalogue
Missing 'IPS617' from Drexel Course Catalogue
Missing 'IPS620' from Drexel Course Catalogue
Missing 'IPS621' from Drexel Course Catalogue
Missing 'NUAN600' from Drexel Course Catalogue
Missing 'NUAN700' from Drexel Course Catalogue
Missing 'NUAN701' from Drexel Course Catalogue
Missing 'NUAN702' from Drexel Course Catalogue
Missing 'NURS500' from Drexel Course Catalogue
Missing 'NURS500' from Drexel Course Catalogue
Missing 'NURS502' from Drexel Course Catalogue
Missing 'NURS502' from Drexel Course Catalogue
Missing 'NURS521' from Drexel Course Catalogue
Missing 'NURS531' from Drexel Course Catalogue
Missing 'NURS537' from Drexel Course Catalogue
Missing 'NURS537' from Drexel Course Catalogue
Missing 'NURS537' from Drexel Course Catalogue
Missing 'NURS544' from Drexel Course Catalogue
Missing 'NURS544' from Drexel Course Catalogue
Missing 'NURS544' from Drexel Course Catalogue
Missing 'NURS548' from Drexel Course Catalogue
Missing 'NURS548' from Drexel Course Catalogue
Missing 'NURS549' from Drexel Course Catalogue
Missing 'NURS549' from Drexel Course Catalogue
Missing 'NURS550' from Drexel Course Catalogue
Missing 'NURS550' from Drexel Course Catalogue
Missing 'NURS550' from Drexel Course Catalogue
Missing 'NURS550' from Drexel Course Catalogue
Missing 'NURS550' from Drexel Course Catalogue
Missing 'NURS550' from Drexel Course Catalogue
Missing 'NURS550' from Drexel Course Catalogue
Missing 'NURS550' from Drexel Course Catalogue
Missing 'NURS550' from Drexel Course Catalogue
Missing 'NURS550' from Drexel Course Catalogue
Missing 'NURS550' from Drexel Course Catalogue
Missing 'NURS550' from Drexel Course Catalogue
Missing 'NURS561' from Drexel Course Catalogue
Missing 'NURS564' from Drexel Course Catalogue
Missing 'NURS566' from Drexel Course Catalogue
Missing 'NURS569' from Drexel Course Catalogue
Missing 'NURS569' from Drexel Course Catalogue
Missing 'NURS573' from Drexel Course Catalogue
Missing 'NURS573' from Drexel Course Catalogue
Missing 'NURS591' from Drexel Course Catalogue
Missing 'NURS595' from Drexel Course Catalogue
Missing 'NURS604' from Drexel Course Catalogue
Missing 'NURS613' from Drexel Course Catalogue
Missing 'NURS616' from Drexel Course Catalogue
Missing 'NURS640' from Drexel Course Catalogue
Missing 'NURS648' from Drexel Course Catalogue
Missing 'NURS650' from Drexel Course Catalogue
Missing 'NURS657' from Drexel Course Catalogue
Missing 'NURS659' from Drexel Course Catalogue
Missing 'NURS663' from Drexel Course Catalogue
Missing 'NURS664' from Drexel Course Catalogue
Missing 'NURS664' from Drexel Course Catalogue
Missing 'NURS664' from Drexel Course Catalogue
Missing 'NURS664' from Drexel Course Catalogue
Missing 'NURS664' from Drexel Course Catalogue
Missing 'NURS664' from Drexel Course Catalogue
Missing 'NURS664' from Drexel Course Catalogue
Missing 'NURS664' from Drexel Course Catalogue
Missing 'NURS665' from Drexel Course Catalogue
Missing 'NURS683' from Drexel Course Catalogue
Missing 'NURS693' from Drexel Course Catalogue
Missing 'NURS838' from Drexel Course Catalogue
Missing 'NURS843' from Drexel Course Catalogue
Missing 'NURS989' from Drexel Course Catalogue
Missing 'NURS989' from Drexel Course Catalogue
Missing 'NHP762' from Drexel Course Catalogue
Missing 'NHP810' from Drexel Course Catalogue
Missing 'NHP829' from Drexel Course Catalogue
Missing 'NHP829' from Drexel Course Catalogue
Missing 'NHP829' from Drexel Course Catalogue
Missing 'NFS510' from Drexel Course Catalogue
Missing 'NFS544' from Drexel Course Catalogue
Missing 'NFS545' from Drexel Course Catalogue
Missing 'NFS546' from Drexel Course Catalogue
Missing 'NFS609' from Drexel Course Catalogue
Missing 'NFS609' from Drexel Course Catalogue
Missing 'NFS609' from Drexel Course Catalogue
Missing 'NFS609' from Drexel Course Catalogue
Missing 'NFS609' from Drexel Course Catalogue
Missing 'NFS630' from Drexel Course Catalogue
Missing 'NFS690' from Drexel Course Catalogue
Missing 'PTRS507' from Drexel Course Catalogue
Missing 'PTRS540' from Drexel Course Catalogue
Missing 'PTRS610' from Drexel Course Catalogue
Missing 'PTRS614' from Drexel Course Catalogue
Missing 'PTRS615' from Drexel Course Catalogue
Missing 'PTRS620' from Drexel Course Catalogue
Missing 'PTRS620' from Drexel Course Catalogue
Missing 'PTRS620' from Drexel Course Catalogue
Missing 'PTRS623' from Drexel Course Catalogue
Missing 'PTRS623' from Drexel Course Catalogue
Missing 'PTRS623' from Drexel Course Catalogue
Missing 'PTRS624' from Drexel Course Catalogue
Missing 'PTRS639' from Drexel Course Catalogue
Missing 'PTRS642' from Drexel Course Catalogue
Missing 'PTRS660' from Drexel Course Catalogue
Missing 'PTRS660' from Drexel Course Catalogue
Missing 'PTRS660' from Drexel Course Catalogue
Missing 'PTRS663' from Drexel Course Catalogue
Missing 'PTRS710' from Drexel Course Catalogue
Missing 'PTRS714' from Drexel Course Catalogue
Missing 'PTRS716' from Drexel Course Catalogue
Missing 'PTRS795' from Drexel Course Catalogue
Missing 'PTRS796' from Drexel Course Catalogue
Missing 'PTRS796' from Drexel Course Catalogue
Missing 'PA549' from Drexel Course Catalogue
Missing 'PA552' from Drexel Course Catalogue
Missing 'PA554' from Drexel Course Catalogue
Missing 'PA554' from Drexel Course Catalogue
Missing 'PA554' from Drexel Course Catalogue
Missing 'PA554' from Drexel Course Catalogue
Missing 'PA554' from Drexel Course Catalogue
Missing 'PA554' from Drexel Course Catalogue
Missing 'PA554' from Drexel Course Catalogue
Missing 'PA554' from Drexel Course Catalogue
Missing 'PA554' from Drexel Course Catalogue
Missing 'PA557' from Drexel Course Catalogue
Missing 'PA560' from Drexel Course Catalogue
Missing 'PA560' from Drexel Course Catalogue
Missing 'PA560' from Drexel Course Catalogue
Missing 'PA560' from Drexel Course Catalogue
Missing 'PA560' from Drexel Course Catalogue
Missing 'PA560' from Drexel Course Catalogue
Missing 'PA560' from Drexel Course Catalogue
Missing 'PA560' from Drexel Course Catalogue
Missing 'PA560' from Drexel Course Catalogue
Missing 'PA560' from Drexel Course Catalogue
Missing 'PA629' from Drexel Course Catalogue
Missing 'PA629' from Drexel Course Catalogue
Missing 'PA630' from Drexel Course Catalogue
Missing 'PA630' from Drexel Course Catalogue
Missing 'PA631' from Drexel Course Catalogue
Missing 'PA631' from Drexel Course Catalogue
Missing 'PA632' from Drexel Course Catalogue
Missing 'PA632' from Drexel Course Catalogue
Missing 'PA633' from Drexel Course Catalogue
Missing 'PA633' from Drexel Course Catalogue
Missing 'PA634' from Drexel Course Catalogue
Missing 'PA634' from Drexel Course Catalogue
Missing 'RSCH503' from Drexel Course Catalogue
Missing 'RSCH503' from Drexel Course Catalogue
Missing 'RSCH503' from Drexel Course Catalogue
Missing 'RSCH503' from Drexel Course Catalogue
Missing 'RSCH504' from Drexel Course Catalogue
Missing 'RSCH504' from Drexel Course Catalogue
Missing 'RSCH504' from Drexel Course Catalogue
Missing 'RSCH504' from Drexel Course Catalogue
Missing 'RSCH504' from Drexel Course Catalogue
Missing 'RSCH504' from Drexel Course Catalogue
Missing 'RSCH519' from Drexel Course Catalogue
Missing 'RSCH714' from Drexel Course Catalogue
Missing 'RSCH714' from Drexel Course Catalogue
Missing 'RSCH723' from Drexel Course Catalogue
Missing 'RSCH816' from Drexel Course Catalogue
Missing 'UNIVHS201' from Drexel Course Catalogue
Missing 'BMES507' from Drexel Course Catalogue
Missing 'BMES509' from Drexel Course Catalogue
Missing 'BMES515' from Drexel Course Catalogue
Missing 'BMES518' from Drexel Course Catalogue
Missing 'BMES529' from Drexel Course Catalogue
Missing 'BMES543' from Drexel Course Catalogue
Missing 'BMES543' from Drexel Course Catalogue
Missing 'BMEST580' from Drexel Course Catalogue
Missing 'BMES588' from Drexel Course Catalogue
Missing 'BMES588' from Drexel Course Catalogue
Missing 'BMES609' from Drexel Course Catalogue
Missing 'BMES611' from Drexel Course Catalogue
Missing 'BMES611' from Drexel Course Catalogue
Missing 'BMES678' from Drexel Course Catalogue
Missing 'BMES678' from Drexel Course Catalogue
Missing 'BMES685' from Drexel Course Catalogue
Missing 'BMES715' from Drexel Course Catalogue
Missing 'BMES725' from Drexel Course Catalogue
Missing 'BMES864' from Drexel Course Catalogue
Missing 'BMES870' from Drexel Course Catalogue
Missing 'BMES897' from Drexel Course Catalogue
Missing 'BMES897' from Drexel Course Catalogue
Missing 'BMES897' from Drexel Course Catalogue
Missing 'BMES897' from Drexel Course Catalogue
Missing 'BMES897' from Drexel Course Catalogue
Missing 'BMES897' from Drexel Course Catalogue
Missing 'BMES897' from Drexel Course Catalogue
Missing 'BMES897' from Drexel Course Catalogue
Missing 'BMES897' from Drexel Course Catalogue
Missing 'BMES897' from Drexel Course Catalogue
Missing 'BMES897' from Drexel Course Catalogue
Missing 'BMES897' from Drexel Course Catalogue
Missing 'BMES897' from Drexel Course Catalogue
Missing 'BMES897' from Drexel Course Catalogue
Missing 'BMES897' from Drexel Course Catalogue
Missing 'BMES897' from Drexel Course Catalogue
Missing 'BMES897' from Drexel Course Catalogue
Missing 'BMES897' from Drexel Course Catalogue
Missing 'BMES897' from Drexel Course Catalogue
Missing 'BMES897' from Drexel Course Catalogue
Missing 'BMES897' from Drexel Course Catalogue
Missing 'BMES897' from Drexel Course Catalogue
Missing 'BMES897' from Drexel Course Catalogue
Missing 'BMES897' from Drexel Course Catalogue
Missing 'BMES897' from Drexel Course Catalogue
Missing 'BMES897' from Drexel Course Catalogue
Missing 'BMES897' from Drexel Course Catalogue
Missing 'BMES897' from Drexel Course Catalogue
Missing 'BMES897' from Drexel Course Catalogue
Missing 'ABA630' from Drexel Course Catalogue
Missing 'ABA632' from Drexel Course Catalogue
Missing 'ABA632' from Drexel Course Catalogue
Missing 'ABA634' from Drexel Course Catalogue
Missing 'ABA634' from Drexel Course Catalogue
Missing 'ABA635' from Drexel Course Catalogue
Missing 'ABA635' from Drexel Course Catalogue
Missing 'ABA780' from Drexel Course Catalogue
Missing 'ABA780' from Drexel Course Catalogue
Missing 'CRTV501' from Drexel Course Catalogue
Missing 'CRTV503' from Drexel Course Catalogue
Missing 'CRTV615' from Drexel Course Catalogue
Missing 'CRTV620' from Drexel Course Catalogue
Missing 'ELL501' from Drexel Course Catalogue
Missing 'EDGI522' from Drexel Course Catalogue
Missing 'EDGI534' from Drexel Course Catalogue
Missing 'EDU780' from Drexel Course Catalogue
Missing 'EDCR518' from Drexel Course Catalogue
Missing 'EHRD500' from Drexel Course Catalogue
Missing 'EHRD611' from Drexel Course Catalogue
Missing 'EDLT502' from Drexel Course Catalogue
Missing 'EDLT554' from Drexel Course Catalogue
Missing 'EDUP780' from Drexel Course Catalogue
Missing 'EDUP780' from Drexel Course Catalogue
Missing 'EDUP781' from Drexel Course Catalogue
Missing 'EDUT780' from Drexel Course Catalogue
Missing 'EDUT781' from Drexel Course Catalogue
Missing 'EDAM714' from Drexel Course Catalogue
Missing 'EDAM717' from Drexel Course Catalogue
Missing 'EDAM724' from Drexel Course Catalogue
Missing 'EDAM820' from Drexel Course Catalogue
Missing 'EDAM830' from Drexel Course Catalogue
Missing 'EDLS421' from Drexel Course Catalogue
Missing 'EDLS621' from Drexel Course Catalogue
Missing 'EDLS626' from Drexel Course Catalogue
Missing 'EDPO636' from Drexel Course Catalogue
Missing 'EDPOT680' from Drexel Course Catalogue
Missing 'EDHE501' from Drexel Course Catalogue
Missing 'EDHE521' from Drexel Course Catalogue
Missing 'EDHE621' from Drexel Course Catalogue
Missing 'ISTM512' from Drexel Course Catalogue
Missing 'MTED511' from Drexel Course Catalogue
Missing 'MTED517' from Drexel Course Catalogue
Missing 'MTED612' from Drexel Course Catalogue
Missing 'EDSP530' from Drexel Course Catalogue
Missing 'EDSP600' from Drexel Course Catalogue
Missing 'EDSP601' from Drexel Course Catalogue
Missing 'EDEX542' from Drexel Course Catalogue
Missing 'EDEX544' from Drexel Course Catalogue
Missing 'EDEX549' from Drexel Course Catalogue
Missing 'EDEX552' from Drexel Course Catalogue
Missing 'EDEX560' from Drexel Course Catalogue
Missing 'EDEX562' from Drexel Course Catalogue
Missing 'EDEX568' from Drexel Course Catalogue
Missing 'EDEX568' from Drexel Course Catalogue
Missing 'EDEX575' from Drexel Course Catalogue
Missing 'EDEX582' from Drexel Course Catalogue
Missing 'EDEX588' from Drexel Course Catalogue
Missing 'EDEX602' from Drexel Course Catalogue
Missing 'EDEX710' from Drexel Course Catalogue
Missing 'EDEX721' from Drexel Course Catalogue
Missing 'SCL525' from Drexel Course Catalogue
Missing 'SCL615' from Drexel Course Catalogue
Missing 'EDUC508' from Drexel Course Catalogue
Missing 'EDUC515' from Drexel Course Catalogue
Missing 'EDUC520' from Drexel Course Catalogue
Missing 'EDUC521' from Drexel Course Catalogue
Missing 'EDUC529' from Drexel Course Catalogue
Missing 'EDUC555' from Drexel Course Catalogue
Missing 'EDUC565' from Drexel Course Catalogue
Missing 'EDUC565' from Drexel Course Catalogue
Missing 'EDUCT580' from Drexel Course Catalogue
Missing 'EDUCT580' from Drexel Course Catalogue
Missing 'EDUC753' from Drexel Course Catalogue
Missing 'EDUC754' from Drexel Course Catalogue
Missing 'EDUC800' from Drexel Course Catalogue
Missing 'EDUC800' from Drexel Course Catalogue
Missing 'EDUC801' from Drexel Course Catalogue
Missing 'EDUC801' from Drexel Course Catalogue
Missing 'EDUC801' from Drexel Course Catalogue
Missing 'EDUC801' from Drexel Course Catalogue
Missing 'EDUC803' from Drexel Course Catalogue
Missing 'EDUC803' from Drexel Course Catalogue
Missing 'EDUC803' from Drexel Course Catalogue
Missing 'EDUC804' from Drexel Course Catalogue
Missing 'EDUC804' from Drexel Course Catalogue
Missing 'EDUC835' from Drexel Course Catalogue
Missing 'EDUC835' from Drexel Course Catalogue
Missing 'EDUC835' from Drexel Course Catalogue
Missing 'EDUC835' from Drexel Course Catalogue
Missing 'EDUC835' from Drexel Course Catalogue
Missing 'EDUC836' from Drexel Course Catalogue
Missing 'EDUC836' from Drexel Course Catalogue
Missing 'EDUC849' from Drexel Course Catalogue
Missing 'EDUC860' from Drexel Course Catalogue
Missing 'EDUC880' from Drexel Course Catalogue
Missing 'EDUC880' from Drexel Course Catalogue
Missing 'EDUC880' from Drexel Course Catalogue
Missing 'EDUC997' from Drexel Course Catalogue
Missing 'EDUC997' from Drexel Course Catalogue
Missing 'EDUC997' from Drexel Course Catalogue
Missing 'EDUC997' from Drexel Course Catalogue
Missing 'EDUC997' from Drexel Course Catalogue
Missing 'EDUC997' from Drexel Course Catalogue
Missing 'EDUC997' from Drexel Course Catalogue
Missing 'EDUC997' from Drexel Course Catalogue
Missing 'EDUC997' from Drexel Course Catalogue
Missing 'EDUC997' from Drexel Course Catalogue
Missing 'EDUC997' from Drexel Course Catalogue
Missing 'EDUC997' from Drexel Course Catalogue
Missing 'EDUC997' from Drexel Course Catalogue
Missing 'EDUC997' from Drexel Course Catalogue
Missing 'EDUC997' from Drexel Course Catalogue
Missing 'EDUC997' from Drexel Course Catalogue
Missing 'EDUC997' from Drexel Course Catalogue
Missing 'EDUC997' from Drexel Course Catalogue
Missing 'EDUC997' from Drexel Course Catalogue
Missing 'EDUC997' from Drexel Course Catalogue
Missing 'EDUC997' from Drexel Course Catalogue
Missing 'EDUC997' from Drexel Course Catalogue
Missing 'EDUC997' from Drexel Course Catalogue
Missing 'EDUC997' from Drexel Course Catalogue
Missing 'EDUC997' from Drexel Course Catalogue
Missing 'EDUC997' from Drexel Course Catalogue
Missing 'EDUC997' from Drexel Course Catalogue
Missing 'EDUC997' from Drexel Course Catalogue
Missing 'EDUC997' from Drexel Course Catalogue
Missing 'EDUC997' from Drexel Course Catalogue
Missing 'EDUC997' from Drexel Course Catalogue
Missing 'EDUC997' from Drexel Course Catalogue
Missing 'EDUC997' from Drexel Course Catalogue
Missing 'EDUC997' from Drexel Course Catalogue
Missing 'EDUC997' from Drexel Course Catalogue
Missing 'EDUC997' from Drexel Course Catalogue
Missing 'EDUC997' from Drexel Course Catalogue
Missing 'EDUC997' from Drexel Course Catalogue
Missing 'EDUC997' from Drexel Course Catalogue
Missing 'EDUC997' from Drexel Course Catalogue
Missing 'EDUC997' from Drexel Course Catalogue
Missing 'EDUC997' from Drexel Course Catalogue
Missing 'EDUC997' from Drexel Course Catalogue
Missing 'EDUC997' from Drexel Course Catalogue
Missing 'EDUC997' from Drexel Course Catalogue
Missing 'EDUC997' from Drexel Course Catalogue
Missing 'EDUC997' from Drexel Course Catalogue
Missing 'EDUC997' from Drexel Course Catalogue
Missing 'EDUC997' from Drexel Course Catalogue
Missing 'EDUC997' from Drexel Course Catalogue
Missing 'EDUC997' from Drexel Course Catalogue
Missing 'EDUC997' from Drexel Course Catalogue
Missing 'EDUC997' from Drexel Course Catalogue
Missing 'EDUC997' from Drexel Course Catalogue
Missing 'EDUC997' from Drexel Course Catalogue
Missing 'EDUC997' from Drexel Course Catalogue
Missing 'EDUC997' from Drexel Course Catalogue
Missing 'EDUC997' from Drexel Course Catalogue
Missing 'EDUC998' from Drexel Course Catalogue
Missing 'EDUC998' from Drexel Course Catalogue
Missing 'EDUC998' from Drexel Course Catalogue
Missing 'EDUC998' from Drexel Course Catalogue
Missing 'EDUC998' from Drexel Course Catalogue
Missing 'LSTU550' from Drexel Course Catalogue
Missing 'LSTU551' from Drexel Course Catalogue
Missing 'LSTU552' from Drexel Course Catalogue
Missing 'LSTU553' from Drexel Course Catalogue
Missing 'LSTU554' from Drexel Course Catalogue
Missing 'LSTU560' from Drexel Course Catalogue
Missing 'LSTU560' from Drexel Course Catalogue
Missing 'LSTUT580' from Drexel Course Catalogue
Missing 'LSTU601' from Drexel Course Catalogue
Missing 'LSTU604' from Drexel Course Catalogue
Missing 'LSTU612' from Drexel Course Catalogue
Missing 'LSTU622' from Drexel Course Catalogue
Missing 'LSTU632' from Drexel Course Catalogue
Missing 'LSTU642' from Drexel Course Catalogue
Missing 'LSTU653' from Drexel Course Catalogue
Missing 'LSTU654' from Drexel Course Catalogue
Missing 'LSTU660' from Drexel Course Catalogue
Missing 'LSTU662' from Drexel Course Catalogue
