Missing 'UNIV H201' from Drexel Course Catalogue
Missing 'UNIV S201' from Drexel Course Catalogue
Missing 'UNIV H201' from Drexel Course Catalogue
Missing 'UNIV H201' from Drexel Course Catalogue
Missing 'UNIV H201' from Drexel Course Catalogue
Missing 'INDS T680' from Drexel Course Catalogue
Missing 'INDS T680' from Drexel Course Catalogue
Missing 'INDS T680' from Drexel Course Catalogue
Missing 'UNIV B101' from Drexel Course Catalogue
Missing 'UNIV B201' from Drexel Course Catalogue
Missing 'UNIV B201' from Drexel Course Catalogue
Missing 'UNIV B201' from Drexel Course Catalogue
Missing 'UNIV B201' from Drexel Course Catalogue
Missing 'UNIV B201' from Drexel Course Catalogue
Missing 'UNIV B201' from Drexel Course Catalogue
Missing 'UNIV B201' from Drexel Course Catalogue
Missing 'UNIV B201' from Drexel Course Catalogue
Missing 'UNIV B201' from Drexel Course Catalogue
Missing 'UNIV B201' from Drexel Course Catalogue
Missing 'UNIV CI101' from Drexel Course Catalogue
Missing 'UNIV CI101' from Drexel Course Catalogue
Missing 'UNIV CI101' from Drexel Course Catalogue
Missing 'UNIV CI101' from Drexel Course Catalogue
Missing 'UNIV CI101' from Drexel Course Catalogue
Missing 'UNIV CI101' from Drexel Course Catalogue
Missing 'UNIV CI101' from Drexel Course Catalogue
Missing 'UNIV CI101' from Drexel Course Catalogue
Missing 'UNIV CI101' from Drexel Course Catalogue
Missing 'UNIV CI101' from Drexel Course Catalogue
Missing 'UNIV CI101' from Drexel Course Catalogue
Missing 'UNIV CI101' from Drexel Course Catalogue
Missing 'GES 201' from Drexel Course Catalogue
Missing 'GES 401' from Drexel Course Catalogue
Missing 'ABRD 301' from Drexel Course Catalogue
Missing 'ABRD 302' from Drexel Course Catalogue
Missing 'ABRD 303' from Drexel Course Catalogue
Missing 'ABRD 304' from Drexel Course Catalogue
Missing 'ABRD 501' from Drexel Course Catalogue
Missing 'ABRD 502' from Drexel Course Catalogue
Missing 'ABRD 503' from Drexel Course Catalogue
Missing 'NUPR 520' from Drexel Course Catalogue
Missing 'NUPR 530' from Drexel Course Catalogue
Missing 'NUPR 600' from Drexel Course Catalogue
Missing 'NUPR 619' from Drexel Course Catalogue
Missing 'NUPR 619' from Drexel Course Catalogue
Missing 'NUPR 664' from Drexel Course Catalogue
Missing 'NUPR 706' from Drexel Course Catalogue
Missing 'NUPR 707' from Drexel Course Catalogue
Missing 'NUPR 716' from Drexel Course Catalogue
Missing 'CIH 507' from Drexel Course Catalogue
Missing 'CATX 390' from Drexel Course Catalogue
Missing 'CATX T480' from Drexel Course Catalogue
Missing 'DMBC 120' from Drexel Course Catalogue
Missing 'DMBC 200' from Drexel Course Catalogue
Missing 'DMBC 322' from Drexel Course Catalogue
Missing 'DMBC 323' from Drexel Course Catalogue
Missing 'DMBC 326' from Drexel Course Catalogue
Missing 'DMBC 327' from Drexel Course Catalogue
Missing 'IPS 380' from Drexel Course Catalogue
Missing 'NUAN 600' from Drexel Course Catalogue
Missing 'NUAN 700' from Drexel Course Catalogue
Missing 'NUAN 701' from Drexel Course Catalogue
Missing 'NUAN 702' from Drexel Course Catalogue
Missing 'UNIV HS201' from Drexel Course Catalogue
Missing 'EDU 780' from Drexel Course Catalogue
Missing 'EDCR 518' from Drexel Course Catalogue
Missing 'EDLS 421' from Drexel Course Catalogue
